#-----------------------------------------------------------
# Webtalk v2018.3 (64-bit)
# SW Build 2405991 on Thu Dec  6 23:36:41 MST 2018
# 
# Start of session at: Tue Jun 18 18:27:09 2019
# Process ID: 4047
# Current directory: /media/sf_Projects/ZynqRobotController/FPGA/Zynq_Robot_Controller/Zynq_Robot_Controller.sdk/webtalk
# Command line: wbtcv -mode batch -source sdk_webtalk.tcl
# Log file: /media/sf_Projects/ZynqRobotController/FPGA/Zynq_Robot_Controller/Zynq_Robot_Controller.sdk/webtalk/webtalk.log
# Journal file: /media/sf_Projects/ZynqRobotController/FPGA/Zynq_Robot_Controller/Zynq_Robot_Controller.sdk/webtalk/webtalk.jou
#-----------------------------------------------------------
source sdk_webtalk.tcl
# webtalk_init -webtalk_dir /media/sf_Projects/ZynqRobotController/FPGA/Zynq_Robot_Controller/Zynq_Robot_Controller.sdk/webtalk
# webtalk_register_client -client project
# webtalk_add_data -client project -key date_generated -value "2019-06-18 18:27:06" -context "software_version_and_target_device"
# webtalk_add_data -client project -key product_version -value "SDK v2018.3" -context "software_version_and_target_device"
# webtalk_add_data -client project -key build_version -value "2018.3" -context "software_version_and_target_device"
# webtalk_add_data -client project -key os_platform -value "amd64" -context "software_version_and_target_device"
# webtalk_add_data -client project -key registration_id -value "" -context "software_version_and_target_device"
# webtalk_add_data -client project -key tool_flow -value "SDK" -context "software_version_and_target_device"
# webtalk_add_data -client project -key beta -value "false" -context "software_version_and_target_device"
# webtalk_add_data -client project -key route_design -value "NA" -context "software_version_and_target_device"
# webtalk_add_data -client project -key target_family -value "NA" -context "software_version_and_target_device"
# webtalk_add_data -client project -key target_device -value "NA" -context "software_version_and_target_device"
# webtalk_add_data -client project -key target_package -value "NA" -context "software_version_and_target_device"
# webtalk_add_data -client project -key target_speed -value "NA" -context "software_version_and_target_device"
# webtalk_add_data -client project -key random_id -value "qp4p50ht191hckrp1dr2b9bbh6" -context "software_version_and_target_device"
# webtalk_add_data -client project -key project_id -value "2018.3_1" -context "software_version_and_target_device"
# webtalk_add_data -client project -key project_iteration -value "1" -context "software_version_and_target_device"
# webtalk_add_data -client project -key os_name -value "Ubuntu" -context "user_environment"
# webtalk_add_data -client project -key os_release -value "Ubuntu 16.04.5 LTS" -context "user_environment"
# webtalk_add_data -client project -key cpu_name -value "Intel(R) Xeon(R) CPU E5-1620 v2 @ 3.70GHz" -context "user_environment"
# webtalk_add_data -client project -key cpu_speed -value "3700.000 MHz" -context "user_environment"
# webtalk_add_data -client project -key total_processors -value "1" -context "user_environment"
# webtalk_add_data -client project -key system_ram -value "16.827 GB" -context "user_environment"
# webtalk_register_client -client sdk
# webtalk_add_data -client sdk -key uid -value "1560877336000" -context "sdk\\\\application/1560877336000"
# webtalk_add_data -client sdk -key hwid -value "1560820734000" -context "sdk\\\\application/1560877336000"
# webtalk_add_data -client sdk -key bspid -value "1560824106000" -context "sdk\\\\application/1560877336000"
# webtalk_add_data -client sdk -key newbsp -value "false" -context "sdk\\\\application/1560877336000"
# webtalk_add_data -client sdk -key os -value "standalone" -context "sdk\\\\application/1560877336000"
# webtalk_add_data -client sdk -key apptemplate -value "empty_application" -context "sdk\\\\application/1560877336000"
# webtalk_add_data -client sdk -key RecordType -value "APPCreation" -context "sdk\\\\application/1560877336000"
# webtalk_add_data -client sdk -key LangUsed -value "C" -context "sdk\\\\application/1560877336000"
# webtalk_add_data -client sdk -key Procused -value "ps7_cortexa9" -context "sdk\\\\application/1560877336000"
# webtalk_add_data -client sdk -key projSize -value "233.0" -context "sdk\\\\application/1560877336000"
# webtalk_add_data -client sdk -key uid -value "NA" -context "sdk\\\\bsp/1560900426852"
# webtalk_add_data -client sdk -key RecordType -value "ToolUsage" -context "sdk\\\\bsp/1560900426852"
# webtalk_add_data -client sdk -key BootgenCount -value "0" -context "sdk\\\\bsp/1560900426852"
# webtalk_add_data -client sdk -key DebugCount -value "22" -context "sdk\\\\bsp/1560900426852"
# webtalk_add_data -client sdk -key PerfCount -value "0" -context "sdk\\\\bsp/1560900426852"
# webtalk_add_data -client sdk -key FlashCount -value "0" -context "sdk\\\\bsp/1560900426852"
# webtalk_add_data -client sdk -key CrossTriggCount -value "0" -context "sdk\\\\bsp/1560900426852"
# webtalk_add_data -client sdk -key QemuDebugCount -value "0" -context "sdk\\\\bsp/1560900426852"
# webtalk_transmit -clientid 3526516811 -regid "" -xml /media/sf_Projects/ZynqRobotController/FPGA/Zynq_Robot_Controller/Zynq_Robot_Controller.sdk/webtalk/usage_statistics_ext_sdk.xml -html /media/sf_Projects/ZynqRobotController/FPGA/Zynq_Robot_Controller/Zynq_Robot_Controller.sdk/webtalk/usage_statistics_ext_sdk.html -wdm /media/sf_Projects/ZynqRobotController/FPGA/Zynq_Robot_Controller/Zynq_Robot_Controller.sdk/webtalk/sdk_webtalk.wdm -intro "<H3>SDK Usage Report</H3><BR>"
# webtalk_terminate
INFO: [Common 17-206] Exiting Webtalk at Tue Jun 18 18:27:09 2019...
