Copyright 1986-2019 Xilinx, Inc. All Rights Reserved.
--------------------------------------------------------------------------------------
| Tool Version : Vivado v.2019.1.3 (lin64) Build 2644227 Wed Sep  4 09:44:18 MDT 2019
| Date         : Thu Sep 19 12:51:33 2019
| Host         : Ubu running 64-bit Ubuntu 18.04.3 LTS
| Command      : upgrade_ip
| Device       : xc7z010clg400-1
--------------------------------------------------------------------------------------

Upgrade Log for IP 'ControllerBD_xlconcat_0_0'

1. Summary
----------

SUCCESS in the upgrade of ControllerBD_xlconcat_0_0 (xilinx.com:ip:xlconcat:2.1) from (Rev. 1) to (Rev. 3)






Copyright 1986-2019 Xilinx, Inc. All Rights Reserved.
--------------------------------------------------------------------------------------
| Tool Version : Vivado v.2019.1.3 (lin64) Build 2644227 Wed Sep  4 09:44:18 MDT 2019
| Date         : Thu Sep 19 12:51:33 2019
| Host         : Ubu running 64-bit Ubuntu 18.04.3 LTS
| Command      : upgrade_ip
| Device       : xc7z010clg400-1
--------------------------------------------------------------------------------------

Upgrade Log for IP 'ControllerBD_rst_ps7_0_50M_0'

1. Summary
----------

SUCCESS in the conversion of ControllerBD_rst_ps7_0_50M_0 (xilinx.com:ip:proc_sys_reset:5.0 (Rev. 13)) to Vivado generation flows.






Copyright 1986-2019 Xilinx, Inc. All Rights Reserved.
--------------------------------------------------------------------------------------
| Tool Version : Vivado v.2019.1.3 (lin64) Build 2644227 Wed Sep  4 09:44:18 MDT 2019
| Date         : Thu Sep 19 12:51:33 2019
| Host         : Ubu running 64-bit Ubuntu 18.04.3 LTS
| Command      : upgrade_ip
| Device       : xc7z010clg400-1
--------------------------------------------------------------------------------------

Upgrade Log for IP 'ControllerBD_ps7_0_axi_periph_0'

1. Summary
----------

SUCCESS in the upgrade of ControllerBD_ps7_0_axi_periph_0 (xilinx.com:ip:axi_interconnect:2.1) from (Rev. 19) to (Rev. 20)






Copyright 1986-2019 Xilinx, Inc. All Rights Reserved.
--------------------------------------------------------------------------------------
| Tool Version : Vivado v.2019.1.3 (lin64) Build 2644227 Wed Sep  4 09:44:18 MDT 2019
| Date         : Thu Sep 19 12:51:32 2019
| Host         : Ubu running 64-bit Ubuntu 18.04.3 LTS
| Command      : upgrade_ip
| Device       : xc7z010clg400-1
--------------------------------------------------------------------------------------

Upgrade Log for IP 'ControllerBD_processing_system7_0_0'

1. Summary
----------

SUCCESS in the conversion of ControllerBD_processing_system7_0_0 (xilinx.com:ip:processing_system7:5.5 (Rev. 6)) to Vivado generation flows.

2. Upgrade messages
-------------------

WARNING: upgrade cannot add parameter PCW_TRACE_INTERNAL_WIDTH with default value 32 : a parameter called PCW_TRACE_INTERNAL_WIDTH already exists in processing_system7_v5_5
WARNING: upgrade cannot add parameter PCW_USE_AXI_NONSECURE with default value 0 : a parameter called PCW_USE_AXI_NONSECURE already exists in processing_system7_v5_5
WARNING: upgrade cannot add parameter PCW_EN_PTP_ENET0 with default value 1 : a parameter called PCW_EN_PTP_ENET0 already exists in processing_system7_v5_5
WARNING: upgrade cannot add parameter PCW_EN_PTP_ENET0 with default value 1 : a parameter called PCW_EN_PTP_ENET0 already exists in processing_system7_v5_5
WARNING: upgrade cannot add parameter PCW_GP0_NUM_WRITE_THREADS with default value 4 : a parameter called PCW_GP0_NUM_WRITE_THREADS already exists in processing_system7_v5_5
WARNING: upgrade cannot add parameter PCW_GP0_NUM_READ_THREADS with default value 4 : a parameter called PCW_GP0_NUM_READ_THREADS already exists in processing_system7_v5_5
WARNING: upgrade cannot add parameter PCW_GP1_NUM_WRITE_THREADS with default value 4 : a parameter called PCW_GP1_NUM_WRITE_THREADS already exists in processing_system7_v5_5
WARNING: upgrade cannot add parameter PCW_GP1_NUM_READ_THREADS with default value 4 : a parameter called PCW_GP1_NUM_READ_THREADS already exists in processing_system7_v5_5
WARNING: upgrade cannot add parameter PCW_GP0_EN_MODIFIABLE_TXN with default value 0 : a parameter called PCW_GP0_EN_MODIFIABLE_TXN already exists in processing_system7_v5_5
WARNING: upgrade cannot add parameter PCW_GP1_EN_MODIFIABLE_TXN with default value 0 : a parameter called PCW_GP1_EN_MODIFIABLE_TXN already exists in processing_system7_v5_5






Copyright 1986-2019 Xilinx, Inc. All Rights Reserved.
--------------------------------------------------------------------------------------
| Tool Version : Vivado v.2019.1.3 (lin64) Build 2644227 Wed Sep  4 09:44:18 MDT 2019
| Date         : Thu Sep 19 12:51:32 2019
| Host         : Ubu running 64-bit Ubuntu 18.04.3 LTS
| Command      : upgrade_ip
| Device       : xc7z010clg400-1
--------------------------------------------------------------------------------------

Upgrade Log for IP 'ControllerBD_clk_wiz_0_0'

1. Summary
----------

SUCCESS in the upgrade of ControllerBD_clk_wiz_0_0 (xilinx.com:ip:clk_wiz:6.0) from (Rev. 2) to (Rev. 3)






Copyright 1986-2019 Xilinx, Inc. All Rights Reserved.
--------------------------------------------------------------------------------------
| Tool Version : Vivado v.2019.1.3 (lin64) Build 2644227 Wed Sep  4 09:44:18 MDT 2019
| Date         : Thu Sep 19 12:51:32 2019
| Host         : Ubu running 64-bit Ubuntu 18.04.3 LTS
| Command      : upgrade_ip
| Device       : xc7z010clg400-1
--------------------------------------------------------------------------------------

Upgrade Log for IP 'ControllerBD_axi_uartlite_2_0'

1. Summary
----------

SUCCESS in the upgrade of ControllerBD_axi_uartlite_2_0 (xilinx.com:ip:axi_uartlite:2.0) from (Rev. 22) to (Rev. 23)






Copyright 1986-2019 Xilinx, Inc. All Rights Reserved.
--------------------------------------------------------------------------------------
| Tool Version : Vivado v.2019.1.3 (lin64) Build 2644227 Wed Sep  4 09:44:18 MDT 2019
| Date         : Thu Sep 19 12:51:32 2019
| Host         : Ubu running 64-bit Ubuntu 18.04.3 LTS
| Command      : upgrade_ip
| Device       : xc7z010clg400-1
--------------------------------------------------------------------------------------

Upgrade Log for IP 'ControllerBD_axi_uartlite_1_0'

1. Summary
----------

SUCCESS in the upgrade of ControllerBD_axi_uartlite_1_0 (xilinx.com:ip:axi_uartlite:2.0) from (Rev. 22) to (Rev. 23)






Copyright 1986-2019 Xilinx, Inc. All Rights Reserved.
--------------------------------------------------------------------------------------
| Tool Version : Vivado v.2019.1.3 (lin64) Build 2644227 Wed Sep  4 09:44:18 MDT 2019
| Date         : Thu Sep 19 12:51:32 2019
| Host         : Ubu running 64-bit Ubuntu 18.04.3 LTS
| Command      : upgrade_ip
| Device       : xc7z010clg400-1
--------------------------------------------------------------------------------------

Upgrade Log for IP 'ControllerBD_axi_uartlite_0_0'

1. Summary
----------

SUCCESS in the upgrade of ControllerBD_axi_uartlite_0_0 (xilinx.com:ip:axi_uartlite:2.0) from (Rev. 22) to (Rev. 23)






Copyright 1986-2019 Xilinx, Inc. All Rights Reserved.
--------------------------------------------------------------------------------------
| Tool Version : Vivado v.2019.1.3 (lin64) Build 2644227 Wed Sep  4 09:44:18 MDT 2019
| Date         : Thu Sep 19 12:51:32 2019
| Host         : Ubu running 64-bit Ubuntu 18.04.3 LTS
| Command      : upgrade_ip
| Device       : xc7z010clg400-1
--------------------------------------------------------------------------------------

Upgrade Log for IP 'ControllerBD_axi_gpio_1_0'

1. Summary
----------

SUCCESS in the upgrade of ControllerBD_axi_gpio_1_0 (xilinx.com:ip:axi_gpio:2.0) from (Rev. 20) to (Rev. 21)






Copyright 1986-2019 Xilinx, Inc. All Rights Reserved.
--------------------------------------------------------------------------------------
| Tool Version : Vivado v.2019.1.3 (lin64) Build 2644227 Wed Sep  4 09:44:18 MDT 2019
| Date         : Thu Sep 19 12:51:32 2019
| Host         : Ubu running 64-bit Ubuntu 18.04.3 LTS
| Command      : upgrade_ip
| Device       : xc7z010clg400-1
--------------------------------------------------------------------------------------

Upgrade Log for IP 'ControllerBD_axi_gpio_0_0'

1. Summary
----------

SUCCESS in the upgrade of ControllerBD_axi_gpio_0_0 (xilinx.com:ip:axi_gpio:2.0) from (Rev. 20) to (Rev. 21)






Copyright 1986-2018 Xilinx, Inc. All Rights Reserved.
------------------------------------------------------------------------------------
| Tool Version : Vivado v.2018.3 (lin64) Build 2405991 Thu Dec  6 23:36:41 MST 2018
| Date         : Sat Jun 22 19:13:16 2019
| Host         : MinuxBox running 64-bit Ubuntu 16.04.5 LTS
| Command      : upgrade_ip
| Device       : xc7z010clg400-1
------------------------------------------------------------------------------------

Upgrade Log for IP 'ControllerBD_PWM_Reader_8CH_0_0'

1. Summary
----------

SUCCESS in the upgrade of ControllerBD_PWM_Reader_8CH_0_0 (tjlw.systems.org:tjlw:PWM_Reader_8CH:2.0) from (Rev. 3) to (Rev. 4)






Copyright 1986-2018 Xilinx, Inc. All Rights Reserved.
------------------------------------------------------------------------------------
| Tool Version : Vivado v.2018.3 (lin64) Build 2405991 Thu Dec  6 23:36:41 MST 2018
| Date         : Sat Jun 22 19:09:15 2019
| Host         : MinuxBox running 64-bit Ubuntu 16.04.5 LTS
| Command      : upgrade_ip
| Device       : xc7z010clg400-1
------------------------------------------------------------------------------------

Upgrade Log for IP 'ControllerBD_PWM_Writer_8CH_50HZ_0_0'

1. Summary
----------

SUCCESS in the upgrade of ControllerBD_PWM_Writer_8CH_50HZ_0_0 (tjlw.system.org:tjlw:PWM_Writer_8CH_50HZ:2.0) from (Rev. 2) to (Rev. 3)






Copyright 1986-2018 Xilinx, Inc. All Rights Reserved.
------------------------------------------------------------------------------------
| Tool Version : Vivado v.2018.3 (lin64) Build 2405991 Thu Dec  6 23:36:41 MST 2018
| Date         : Tue Jun 18 19:43:19 2019
| Host         : MinuxBox running 64-bit Ubuntu 16.04.5 LTS
| Command      : upgrade_ip
| Device       : xc7z010clg400-1
------------------------------------------------------------------------------------

Upgrade Log for IP 'ControllerBD_PWM_Reader_8CH_0_0'

1. Summary
----------

SUCCESS in the upgrade of ControllerBD_PWM_Reader_8CH_0_0 (tjlw.systems.org:tjlw:PWM_Reader_8CH:2.0) from (Rev. 1) to (Rev. 3)






Copyright 1986-2018 Xilinx, Inc. All Rights Reserved.
------------------------------------------------------------------------------------
| Tool Version : Vivado v.2018.3 (lin64) Build 2405991 Thu Dec  6 23:36:41 MST 2018
| Date         : Mon Jun 17 19:13:37 2019
| Host         : MinuxBox running 64-bit Ubuntu 16.04.5 LTS
| Command      : upgrade_ip
| Device       : xc7z010clg400-1
------------------------------------------------------------------------------------

Upgrade Log for IP 'ControllerBD_PWM_Reader_8CH_0_0'

1. Summary
----------

CAUTION (success, with warnings) in the upgrade of ControllerBD_PWM_Reader_8CH_0_0 from user.org:user:PWM_Reader_8CH:2.0 (Rev. 1) to tjlw.systems.org:tjlw:PWM_Reader_8CH:2.0 (Rev. 1)

After upgrade, an IP may have parameter and port differences compared to the original customization. Please review the parameters within the IP customization GUI to ensure proper functionality. Also, please review the updated IP instantiation template to ensure proper connectivity, and update your design if required.

2. Interface Information
------------------------

Detected external interface differences while upgrading 'ControllerBD_PWM_Reader_8CH_0_0'.


-Upgrade has added interface 'clock' (xilinx.com:signal:clock:1.0)


3. Connection Warnings
----------------------

Detected external port differences while upgrading 'ControllerBD_PWM_Reader_8CH_0_0'. These changes may impact your design.


-Upgrade has added port 'channel_1_i'

-Upgrade has added port 'channel_2_i'

-Upgrade has added port 'channel_3_i'

-Upgrade has added port 'channel_4_i'

-Upgrade has added port 'channel_5_i'

-Upgrade has added port 'channel_6_i'

-Upgrade has added port 'channel_7_i'

-Upgrade has added port 'channel_8_i'

-Upgrade has added port 'clock'







Copyright 1986-2018 Xilinx, Inc. All Rights Reserved.
------------------------------------------------------------------------------------
| Tool Version : Vivado v.2018.3 (lin64) Build 2405991 Thu Dec  6 23:36:41 MST 2018
| Date         : Mon Jun 17 19:04:19 2019
| Host         : MinuxBox running 64-bit Ubuntu 16.04.5 LTS
| Command      : upgrade_ip
| Device       : xc7z010clg400-1
------------------------------------------------------------------------------------

Upgrade Log for IP 'ControllerBD_PWM_Writer_8CH_50HZ_0_0'

1. Summary
----------

SUCCESS in the upgrade of ControllerBD_PWM_Writer_8CH_50HZ_0_0 (tjlw.system.org:tjlw:PWM_Writer_8CH_50HZ:2.0) from (Rev. 1) to (Rev. 2)






Copyright 1986-2018 Xilinx, Inc. All Rights Reserved.
------------------------------------------------------------------------------------
| Tool Version : Vivado v.2018.3 (lin64) Build 2405991 Thu Dec  6 23:36:41 MST 2018
| Date         : Mon Jun 17 18:59:47 2019
| Host         : MinuxBox running 64-bit Ubuntu 16.04.5 LTS
| Command      : upgrade_ip
| Device       : xc7z010clg400-1
------------------------------------------------------------------------------------

Upgrade Log for IP 'ControllerBD_PWM_Writer_8CH_50HZ_0_0'

1. Summary
----------

CAUTION (success, with warnings) in the upgrade of ControllerBD_PWM_Writer_8CH_50HZ_0_0 from user.org:user:PWM_Writer_8CH_50HZ:2.0 (Rev. 1) to tjlw.system.org:tjlw:PWM_Writer_8CH_50HZ:2.0 (Rev. 1)

After upgrade, an IP may have parameter and port differences compared to the original customization. Please review the parameters within the IP customization GUI to ensure proper functionality. Also, please review the updated IP instantiation template to ensure proper connectivity, and update your design if required.

2. Interface Information
------------------------

Detected external interface differences while upgrading 'ControllerBD_PWM_Writer_8CH_50HZ_0_0'.


-Upgrade has added interface 'clock' (xilinx.com:signal:clock:1.0)


3. Connection Warnings
----------------------

Detected external port differences while upgrading 'ControllerBD_PWM_Writer_8CH_50HZ_0_0'. These changes may impact your design.


-Upgrade has added port 'channel_1_o'

-Upgrade has added port 'channel_2_o'

-Upgrade has added port 'channel_3_o'

-Upgrade has added port 'channel_4_o'

-Upgrade has added port 'channel_5_o'

-Upgrade has added port 'channel_6_o'

-Upgrade has added port 'channel_7_o'

-Upgrade has added port 'channel_8_o'

-Upgrade has added port 'clock'


