
*** Running vivado
    with args -log ControllerBD_clk_wiz_0_0.vds -m64 -product Vivado -mode batch -messageDb vivado.pb -notrace -source ControllerBD_clk_wiz_0_0.tcl


****** Vivado v2019.1.3 (64-bit)
  **** SW Build 2644227 on Wed Sep  4 09:44:18 MDT 2019
  **** IP Build 2633630 on Wed Sep  4 12:30:14 MDT 2019
    ** Copyright 1986-2019 Xilinx, Inc. All Rights Reserved.

source ControllerBD_clk_wiz_0_0.tcl -notrace
create_project: Time (s): cpu = 00:00:03 ; elapsed = 00:00:09 . Memory (MB): peak = 1441.176 ; gain = 2.016 ; free physical = 9834 ; free virtual = 14312
INFO: [IP_Flow 19-234] Refreshing IP repositories
INFO: [IP_Flow 19-1700] Loaded user IP repository '/media/sf_Projects-shared/ZynqRobotController/FPGA/ip_repo/PWM_Reader_8CH_2.0'.
INFO: [IP_Flow 19-1700] Loaded user IP repository '/media/sf_Projects-shared/ZynqRobotController/FPGA/ip_repo/PWM_Writer_8CH_50HZ_2.0'.
WARNING: [IP_Flow 19-2248] Failed to load user IP repository '/media/sf_Projects-shared/ZynqRobotController/FPGA/ip_repo/AXI_PWM_Writer_8CH_50HZ_1.0'; Can't find the specified path.
If this directory should no longer be in your list of user repositories, go to the IP Settings dialog and remove it.
WARNING: [IP_Flow 19-2248] Failed to load user IP repository '/media/sf_Projects-shared/ZynqRobotController/FPGA/ip_repo/AXI_PWM_Reader_8CH_1.0'; Can't find the specified path.
If this directory should no longer be in your list of user repositories, go to the IP Settings dialog and remove it.
WARNING: [IP_Flow 19-2248] Failed to load user IP repository '/home/tjlw/ip_repo'; Can't find the specified path.
If this directory should no longer be in your list of user repositories, go to the IP Settings dialog and remove it.
WARNING: [IP_Flow 19-3685] Ignored loading user repository '/home/tjlw/ip_repo/ParallaxPingSensor/ParallaxPingSensor_1.0'. The path is contained within another repository.
INFO: [IP_Flow 19-2313] Loaded Vivado IP repository '/tools/Xilinx/Vivado/2019.1/data/ip'.
Command: synth_design -top ControllerBD_clk_wiz_0_0 -part xc7z010clg400-1 -mode out_of_context
Starting synth_design
Attempting to get a license for feature 'Synthesis' and/or device 'xc7z010'
INFO: [Common 17-349] Got license for feature 'Synthesis' and/or device 'xc7z010'
INFO: [Device 21-403] Loading part xc7z010clg400-1
INFO: Launching helper process for spawning children vivado processes
INFO: Helper process launched with PID 6604 
---------------------------------------------------------------------------------
Starting RTL Elaboration : Time (s): cpu = 00:00:05 ; elapsed = 00:00:11 . Memory (MB): peak = 1796.168 ; gain = 152.684 ; free physical = 8432 ; free virtual = 12909
---------------------------------------------------------------------------------
INFO: [Synth 8-6157] synthesizing module 'ControllerBD_clk_wiz_0_0' [/media/sf_Projects-shared/ZynqRobotController/FPGA/Zynq_Robot_Controller_v2/Zynq_Robot_Controller.srcs/sources_1/bd/ControllerBD/ip/ControllerBD_clk_wiz_0_0/ControllerBD_clk_wiz_0_0.v:70]
INFO: [Synth 8-6157] synthesizing module 'ControllerBD_clk_wiz_0_0_clk_wiz' [/media/sf_Projects-shared/ZynqRobotController/FPGA/Zynq_Robot_Controller_v2/Zynq_Robot_Controller.srcs/sources_1/bd/ControllerBD/ip/ControllerBD_clk_wiz_0_0/ControllerBD_clk_wiz_0_0_clk_wiz.v:68]
INFO: [Synth 8-6157] synthesizing module 'IBUF' [/tools/Xilinx/Vivado/2019.1/scripts/rt/data/unisim_comp.v:32856]
	Parameter CAPACITANCE bound to: DONT_CARE - type: string 
	Parameter IBUF_DELAY_VALUE bound to: 0 - type: string 
	Parameter IBUF_LOW_PWR bound to: TRUE - type: string 
	Parameter IFD_DELAY_VALUE bound to: AUTO - type: string 
	Parameter IOSTANDARD bound to: DEFAULT - type: string 
INFO: [Synth 8-6155] done synthesizing module 'IBUF' (1#1) [/tools/Xilinx/Vivado/2019.1/scripts/rt/data/unisim_comp.v:32856]
INFO: [Synth 8-6157] synthesizing module 'MMCME2_ADV' [/tools/Xilinx/Vivado/2019.1/scripts/rt/data/unisim_comp.v:39813]
	Parameter BANDWIDTH bound to: OPTIMIZED - type: string 
	Parameter CLKFBOUT_MULT_F bound to: 8.000000 - type: float 
	Parameter CLKFBOUT_PHASE bound to: 0.000000 - type: float 
	Parameter CLKFBOUT_USE_FINE_PS bound to: FALSE - type: string 
	Parameter CLKIN1_PERIOD bound to: 8.000000 - type: float 
	Parameter CLKIN2_PERIOD bound to: 0.000000 - type: float 
	Parameter CLKOUT0_DIVIDE_F bound to: 10.000000 - type: float 
	Parameter CLKOUT0_DUTY_CYCLE bound to: 0.500000 - type: float 
	Parameter CLKOUT0_PHASE bound to: 0.000000 - type: float 
	Parameter CLKOUT0_USE_FINE_PS bound to: FALSE - type: string 
	Parameter CLKOUT1_DIVIDE bound to: 1 - type: integer 
	Parameter CLKOUT1_DUTY_CYCLE bound to: 0.500000 - type: float 
	Parameter CLKOUT1_PHASE bound to: 0.000000 - type: float 
	Parameter CLKOUT1_USE_FINE_PS bound to: FALSE - type: string 
	Parameter CLKOUT2_DIVIDE bound to: 1 - type: integer 
	Parameter CLKOUT2_DUTY_CYCLE bound to: 0.500000 - type: float 
	Parameter CLKOUT2_PHASE bound to: 0.000000 - type: float 
	Parameter CLKOUT2_USE_FINE_PS bound to: FALSE - type: string 
	Parameter CLKOUT3_DIVIDE bound to: 1 - type: integer 
	Parameter CLKOUT3_DUTY_CYCLE bound to: 0.500000 - type: float 
	Parameter CLKOUT3_PHASE bound to: 0.000000 - type: float 
	Parameter CLKOUT3_USE_FINE_PS bound to: FALSE - type: string 
	Parameter CLKOUT4_CASCADE bound to: FALSE - type: string 
	Parameter CLKOUT4_DIVIDE bound to: 1 - type: integer 
	Parameter CLKOUT4_DUTY_CYCLE bound to: 0.500000 - type: float 
	Parameter CLKOUT4_PHASE bound to: 0.000000 - type: float 
	Parameter CLKOUT4_USE_FINE_PS bound to: FALSE - type: string 
	Parameter CLKOUT5_DIVIDE bound to: 1 - type: integer 
	Parameter CLKOUT5_DUTY_CYCLE bound to: 0.500000 - type: float 
	Parameter CLKOUT5_PHASE bound to: 0.000000 - type: float 
	Parameter CLKOUT5_USE_FINE_PS bound to: FALSE - type: string 
	Parameter CLKOUT6_DIVIDE bound to: 1 - type: integer 
	Parameter CLKOUT6_DUTY_CYCLE bound to: 0.500000 - type: float 
	Parameter CLKOUT6_PHASE bound to: 0.000000 - type: float 
	Parameter CLKOUT6_USE_FINE_PS bound to: FALSE - type: string 
	Parameter COMPENSATION bound to: ZHOLD - type: string 
	Parameter DIVCLK_DIVIDE bound to: 1 - type: integer 
	Parameter IS_CLKINSEL_INVERTED bound to: 1'b0 
	Parameter IS_PSEN_INVERTED bound to: 1'b0 
	Parameter IS_PSINCDEC_INVERTED bound to: 1'b0 
	Parameter IS_PWRDWN_INVERTED bound to: 1'b0 
	Parameter IS_RST_INVERTED bound to: 1'b0 
	Parameter REF_JITTER1 bound to: 0.010000 - type: float 
	Parameter REF_JITTER2 bound to: 0.010000 - type: float 
	Parameter SS_EN bound to: FALSE - type: string 
	Parameter SS_MODE bound to: CENTER_HIGH - type: string 
	Parameter SS_MOD_PERIOD bound to: 10000 - type: integer 
	Parameter STARTUP_WAIT bound to: FALSE - type: string 
INFO: [Synth 8-6155] done synthesizing module 'MMCME2_ADV' (2#1) [/tools/Xilinx/Vivado/2019.1/scripts/rt/data/unisim_comp.v:39813]
INFO: [Synth 8-6157] synthesizing module 'BUFG' [/tools/Xilinx/Vivado/2019.1/scripts/rt/data/unisim_comp.v:1075]
INFO: [Synth 8-6155] done synthesizing module 'BUFG' (3#1) [/tools/Xilinx/Vivado/2019.1/scripts/rt/data/unisim_comp.v:1075]
INFO: [Synth 8-6155] done synthesizing module 'ControllerBD_clk_wiz_0_0_clk_wiz' (4#1) [/media/sf_Projects-shared/ZynqRobotController/FPGA/Zynq_Robot_Controller_v2/Zynq_Robot_Controller.srcs/sources_1/bd/ControllerBD/ip/ControllerBD_clk_wiz_0_0/ControllerBD_clk_wiz_0_0_clk_wiz.v:68]
INFO: [Synth 8-6155] done synthesizing module 'ControllerBD_clk_wiz_0_0' (5#1) [/media/sf_Projects-shared/ZynqRobotController/FPGA/Zynq_Robot_Controller_v2/Zynq_Robot_Controller.srcs/sources_1/bd/ControllerBD/ip/ControllerBD_clk_wiz_0_0/ControllerBD_clk_wiz_0_0.v:70]
---------------------------------------------------------------------------------
Finished RTL Elaboration : Time (s): cpu = 00:00:07 ; elapsed = 00:00:15 . Memory (MB): peak = 1852.887 ; gain = 209.402 ; free physical = 8230 ; free virtual = 12707
---------------------------------------------------------------------------------

Report Check Netlist: 
+------+------------------+-------+---------+-------+------------------+
|      |Item              |Errors |Warnings |Status |Description       |
+------+------------------+-------+---------+-------+------------------+
|1     |multi_driven_nets |      0|        0|Passed |Multi driven nets |
+------+------------------+-------+---------+-------+------------------+
---------------------------------------------------------------------------------
Start Handling Custom Attributes
---------------------------------------------------------------------------------
---------------------------------------------------------------------------------
Finished Handling Custom Attributes : Time (s): cpu = 00:00:08 ; elapsed = 00:00:16 . Memory (MB): peak = 1858.824 ; gain = 215.340 ; free physical = 8213 ; free virtual = 12691
---------------------------------------------------------------------------------
---------------------------------------------------------------------------------
Finished RTL Optimization Phase 1 : Time (s): cpu = 00:00:08 ; elapsed = 00:00:16 . Memory (MB): peak = 1858.824 ; gain = 215.340 ; free physical = 8213 ; free virtual = 12691
---------------------------------------------------------------------------------
INFO: [Netlist 29-17] Analyzing 1 Unisim elements for replacement
INFO: [Netlist 29-28] Unisim Transformation completed in 0 CPU seconds
INFO: [Project 1-570] Preparing netlist for logic optimization

Processing XDC Constraints
Initializing timing engine
Parsing XDC File [/media/sf_Projects-shared/ZynqRobotController/FPGA/Zynq_Robot_Controller_v2/Zynq_Robot_Controller.srcs/sources_1/bd/ControllerBD/ip/ControllerBD_clk_wiz_0_0/ControllerBD_clk_wiz_0_0_ooc.xdc] for cell 'inst'
Finished Parsing XDC File [/media/sf_Projects-shared/ZynqRobotController/FPGA/Zynq_Robot_Controller_v2/Zynq_Robot_Controller.srcs/sources_1/bd/ControllerBD/ip/ControllerBD_clk_wiz_0_0/ControllerBD_clk_wiz_0_0_ooc.xdc] for cell 'inst'
Parsing XDC File [/media/sf_Projects-shared/ZynqRobotController/FPGA/Zynq_Robot_Controller_v2/Zynq_Robot_Controller.srcs/sources_1/bd/ControllerBD/ip/ControllerBD_clk_wiz_0_0/ControllerBD_clk_wiz_0_0_board.xdc] for cell 'inst'
Finished Parsing XDC File [/media/sf_Projects-shared/ZynqRobotController/FPGA/Zynq_Robot_Controller_v2/Zynq_Robot_Controller.srcs/sources_1/bd/ControllerBD/ip/ControllerBD_clk_wiz_0_0/ControllerBD_clk_wiz_0_0_board.xdc] for cell 'inst'
Parsing XDC File [/media/sf_Projects-shared/ZynqRobotController/FPGA/Zynq_Robot_Controller_v2/Zynq_Robot_Controller.srcs/sources_1/bd/ControllerBD/ip/ControllerBD_clk_wiz_0_0/ControllerBD_clk_wiz_0_0.xdc] for cell 'inst'
Finished Parsing XDC File [/media/sf_Projects-shared/ZynqRobotController/FPGA/Zynq_Robot_Controller_v2/Zynq_Robot_Controller.srcs/sources_1/bd/ControllerBD/ip/ControllerBD_clk_wiz_0_0/ControllerBD_clk_wiz_0_0.xdc] for cell 'inst'
INFO: [Project 1-236] Implementation specific constraints were found while reading constraint file [/media/sf_Projects-shared/ZynqRobotController/FPGA/Zynq_Robot_Controller_v2/Zynq_Robot_Controller.srcs/sources_1/bd/ControllerBD/ip/ControllerBD_clk_wiz_0_0/ControllerBD_clk_wiz_0_0.xdc]. These constraints will be ignored for synthesis but will be used in implementation. Impacted constraints are listed in the file [.Xil/ControllerBD_clk_wiz_0_0_propImpl.xdc].
Resolution: To avoid this warning, move constraints listed in [.Xil/ControllerBD_clk_wiz_0_0_propImpl.xdc] to another XDC file and exclude this new file from synthesis with the used_in_synthesis property (File Properties dialog in GUI) and re-run elaboration/synthesis.
INFO: [Timing 38-2] Deriving generated clocks
Parsing XDC File [/media/sf_Projects-shared/ZynqRobotController/FPGA/Zynq_Robot_Controller_v2/Zynq_Robot_Controller.runs/ControllerBD_clk_wiz_0_0_synth_1/dont_touch.xdc]
Finished Parsing XDC File [/media/sf_Projects-shared/ZynqRobotController/FPGA/Zynq_Robot_Controller_v2/Zynq_Robot_Controller.runs/ControllerBD_clk_wiz_0_0_synth_1/dont_touch.xdc]
Completed Processing XDC Constraints

Netlist sorting complete. Time (s): cpu = 00:00:00 ; elapsed = 00:00:00 . Memory (MB): peak = 1913.621 ; gain = 0.000 ; free physical = 8042 ; free virtual = 12519
INFO: [Project 1-111] Unisim Transformation Summary:
No Unisim elements were transformed.

Constraint Validation Runtime : Time (s): cpu = 00:00:00.03 ; elapsed = 00:00:00.10 . Memory (MB): peak = 1916.590 ; gain = 2.969 ; free physical = 8033 ; free virtual = 12511
---------------------------------------------------------------------------------
Finished Constraint Validation : Time (s): cpu = 00:00:17 ; elapsed = 00:00:31 . Memory (MB): peak = 1916.590 ; gain = 273.105 ; free physical = 8063 ; free virtual = 12540
---------------------------------------------------------------------------------
---------------------------------------------------------------------------------
Start Loading Part and Timing Information
---------------------------------------------------------------------------------
Loading part: xc7z010clg400-1
---------------------------------------------------------------------------------
Finished Loading Part and Timing Information : Time (s): cpu = 00:00:17 ; elapsed = 00:00:31 . Memory (MB): peak = 1916.590 ; gain = 273.105 ; free physical = 8062 ; free virtual = 12540
---------------------------------------------------------------------------------
---------------------------------------------------------------------------------
Start Applying 'set_property' XDC Constraints
---------------------------------------------------------------------------------
Applied set_property DONT_TOUCH = true for inst. (constraint file  /media/sf_Projects-shared/ZynqRobotController/FPGA/Zynq_Robot_Controller_v2/Zynq_Robot_Controller.runs/ControllerBD_clk_wiz_0_0_synth_1/dont_touch.xdc, line 9).
---------------------------------------------------------------------------------
Finished applying 'set_property' XDC Constraints : Time (s): cpu = 00:00:17 ; elapsed = 00:00:31 . Memory (MB): peak = 1916.590 ; gain = 273.105 ; free physical = 8060 ; free virtual = 12538
---------------------------------------------------------------------------------
---------------------------------------------------------------------------------
Finished RTL Optimization Phase 2 : Time (s): cpu = 00:00:17 ; elapsed = 00:00:31 . Memory (MB): peak = 1916.590 ; gain = 273.105 ; free physical = 8045 ; free virtual = 12522
---------------------------------------------------------------------------------

Report RTL Partitions: 
+-+--------------+------------+----------+
| |RTL Partition |Replication |Instances |
+-+--------------+------------+----------+
+-+--------------+------------+----------+
---------------------------------------------------------------------------------
Start RTL Component Statistics 
---------------------------------------------------------------------------------
Detailed RTL Component Info : 
---------------------------------------------------------------------------------
Finished RTL Component Statistics 
---------------------------------------------------------------------------------
---------------------------------------------------------------------------------
Start RTL Hierarchical Component Statistics 
---------------------------------------------------------------------------------
Hierarchical RTL Component report 
---------------------------------------------------------------------------------
Finished RTL Hierarchical Component Statistics
---------------------------------------------------------------------------------
---------------------------------------------------------------------------------
Start Part Resource Summary
---------------------------------------------------------------------------------
Part Resources:
DSPs: 80 (col length:40)
BRAMs: 120 (col length: RAMB18 40 RAMB36 20)
---------------------------------------------------------------------------------
Finished Part Resource Summary
---------------------------------------------------------------------------------
---------------------------------------------------------------------------------
Start Cross Boundary and Area Optimization
---------------------------------------------------------------------------------
Warning: Parallel synthesis criteria is not met 
---------------------------------------------------------------------------------
Finished Cross Boundary and Area Optimization : Time (s): cpu = 00:00:18 ; elapsed = 00:00:32 . Memory (MB): peak = 1916.590 ; gain = 273.105 ; free physical = 8042 ; free virtual = 12520
---------------------------------------------------------------------------------

Report RTL Partitions: 
+-+--------------+------------+----------+
| |RTL Partition |Replication |Instances |
+-+--------------+------------+----------+
+-+--------------+------------+----------+
---------------------------------------------------------------------------------
Start Applying XDC Timing Constraints
---------------------------------------------------------------------------------
---------------------------------------------------------------------------------
Finished Applying XDC Timing Constraints : Time (s): cpu = 00:00:27 ; elapsed = 00:00:43 . Memory (MB): peak = 1928.590 ; gain = 285.105 ; free physical = 7938 ; free virtual = 12416
---------------------------------------------------------------------------------
---------------------------------------------------------------------------------
Start Timing Optimization
---------------------------------------------------------------------------------
---------------------------------------------------------------------------------
Finished Timing Optimization : Time (s): cpu = 00:00:27 ; elapsed = 00:00:43 . Memory (MB): peak = 1928.590 ; gain = 285.105 ; free physical = 7938 ; free virtual = 12416
---------------------------------------------------------------------------------

Report RTL Partitions: 
+-+--------------+------------+----------+
| |RTL Partition |Replication |Instances |
+-+--------------+------------+----------+
+-+--------------+------------+----------+
---------------------------------------------------------------------------------
Start Technology Mapping
---------------------------------------------------------------------------------
---------------------------------------------------------------------------------
Finished Technology Mapping : Time (s): cpu = 00:00:27 ; elapsed = 00:00:43 . Memory (MB): peak = 1937.605 ; gain = 294.121 ; free physical = 7937 ; free virtual = 12415
---------------------------------------------------------------------------------

Report RTL Partitions: 
+-+--------------+------------+----------+
| |RTL Partition |Replication |Instances |
+-+--------------+------------+----------+
+-+--------------+------------+----------+
---------------------------------------------------------------------------------
Start IO Insertion
---------------------------------------------------------------------------------
---------------------------------------------------------------------------------
Start Flattening Before IO Insertion
---------------------------------------------------------------------------------
---------------------------------------------------------------------------------
Finished Flattening Before IO Insertion
---------------------------------------------------------------------------------
---------------------------------------------------------------------------------
Start Final Netlist Cleanup
---------------------------------------------------------------------------------
---------------------------------------------------------------------------------
Finished Final Netlist Cleanup
---------------------------------------------------------------------------------
---------------------------------------------------------------------------------
Finished IO Insertion : Time (s): cpu = 00:00:29 ; elapsed = 00:00:44 . Memory (MB): peak = 1952.480 ; gain = 308.996 ; free physical = 7918 ; free virtual = 12395
---------------------------------------------------------------------------------

Report Check Netlist: 
+------+------------------+-------+---------+-------+------------------+
|      |Item              |Errors |Warnings |Status |Description       |
+------+------------------+-------+---------+-------+------------------+
|1     |multi_driven_nets |      0|        0|Passed |Multi driven nets |
+------+------------------+-------+---------+-------+------------------+
---------------------------------------------------------------------------------
Start Renaming Generated Instances
---------------------------------------------------------------------------------
---------------------------------------------------------------------------------
Finished Renaming Generated Instances : Time (s): cpu = 00:00:29 ; elapsed = 00:00:44 . Memory (MB): peak = 1952.480 ; gain = 308.996 ; free physical = 7917 ; free virtual = 12395
---------------------------------------------------------------------------------

Report RTL Partitions: 
+-+--------------+------------+----------+
| |RTL Partition |Replication |Instances |
+-+--------------+------------+----------+
+-+--------------+------------+----------+
---------------------------------------------------------------------------------
Start Rebuilding User Hierarchy
---------------------------------------------------------------------------------
---------------------------------------------------------------------------------
Finished Rebuilding User Hierarchy : Time (s): cpu = 00:00:29 ; elapsed = 00:00:44 . Memory (MB): peak = 1952.480 ; gain = 308.996 ; free physical = 7917 ; free virtual = 12395
---------------------------------------------------------------------------------
---------------------------------------------------------------------------------
Start Renaming Generated Ports
---------------------------------------------------------------------------------
---------------------------------------------------------------------------------
Finished Renaming Generated Ports : Time (s): cpu = 00:00:29 ; elapsed = 00:00:44 . Memory (MB): peak = 1952.480 ; gain = 308.996 ; free physical = 7917 ; free virtual = 12395
---------------------------------------------------------------------------------
---------------------------------------------------------------------------------
Start Handling Custom Attributes
---------------------------------------------------------------------------------
---------------------------------------------------------------------------------
Finished Handling Custom Attributes : Time (s): cpu = 00:00:29 ; elapsed = 00:00:45 . Memory (MB): peak = 1952.480 ; gain = 308.996 ; free physical = 7917 ; free virtual = 12394
---------------------------------------------------------------------------------
---------------------------------------------------------------------------------
Start Renaming Generated Nets
---------------------------------------------------------------------------------
---------------------------------------------------------------------------------
Finished Renaming Generated Nets : Time (s): cpu = 00:00:29 ; elapsed = 00:00:45 . Memory (MB): peak = 1952.480 ; gain = 308.996 ; free physical = 7917 ; free virtual = 12394
---------------------------------------------------------------------------------
---------------------------------------------------------------------------------
Start Writing Synthesis Report
---------------------------------------------------------------------------------

Report BlackBoxes: 
+-+--------------+----------+
| |BlackBox name |Instances |
+-+--------------+----------+
+-+--------------+----------+

Report Cell Usage: 
+------+-----------+------+
|      |Cell       |Count |
+------+-----------+------+
|1     |BUFG       |     2|
|2     |MMCME2_ADV |     1|
|3     |IBUF       |     1|
+------+-----------+------+

Report Instance Areas: 
+------+---------+---------------------------------+------+
|      |Instance |Module                           |Cells |
+------+---------+---------------------------------+------+
|1     |top      |                                 |     4|
|2     |  inst   |ControllerBD_clk_wiz_0_0_clk_wiz |     4|
+------+---------+---------------------------------+------+
---------------------------------------------------------------------------------
Finished Writing Synthesis Report : Time (s): cpu = 00:00:29 ; elapsed = 00:00:45 . Memory (MB): peak = 1952.480 ; gain = 308.996 ; free physical = 7917 ; free virtual = 12394
---------------------------------------------------------------------------------
Synthesis finished with 0 errors, 0 critical warnings and 0 warnings.
Synthesis Optimization Runtime : Time (s): cpu = 00:00:26 ; elapsed = 00:00:40 . Memory (MB): peak = 1952.480 ; gain = 251.230 ; free physical = 7972 ; free virtual = 12450
Synthesis Optimization Complete : Time (s): cpu = 00:00:29 ; elapsed = 00:00:45 . Memory (MB): peak = 1952.488 ; gain = 308.996 ; free physical = 7987 ; free virtual = 12465
INFO: [Project 1-571] Translating synthesized netlist
INFO: [Netlist 29-17] Analyzing 1 Unisim elements for replacement
INFO: [Netlist 29-28] Unisim Transformation completed in 0 CPU seconds
INFO: [Project 1-570] Preparing netlist for logic optimization
INFO: [Opt 31-138] Pushed 0 inverter(s) to 0 load pin(s).
Netlist sorting complete. Time (s): cpu = 00:00:00 ; elapsed = 00:00:00 . Memory (MB): peak = 1967.324 ; gain = 0.000 ; free physical = 7898 ; free virtual = 12375
INFO: [Project 1-111] Unisim Transformation Summary:
No Unisim elements were transformed.

INFO: [Common 17-83] Releasing license: Synthesis
29 Infos, 4 Warnings, 0 Critical Warnings and 0 Errors encountered.
synth_design completed successfully
synth_design: Time (s): cpu = 00:00:36 ; elapsed = 00:00:55 . Memory (MB): peak = 1967.324 ; gain = 526.148 ; free physical = 8001 ; free virtual = 12478
Netlist sorting complete. Time (s): cpu = 00:00:00 ; elapsed = 00:00:00 . Memory (MB): peak = 1967.324 ; gain = 0.000 ; free physical = 8001 ; free virtual = 12478
WARNING: [Constraints 18-5210] No constraints selected for write.
Resolution: This message can indicate that there are no constraints for the design, or it can indicate that the used_in flags are set such that the constraints are ignored. This later case is used when running synth_design to not write synthesis constraints to the resulting checkpoint. Instead, project constraints are read when the synthesized design is opened.
INFO: [Common 17-1381] The checkpoint '/media/sf_Projects-shared/ZynqRobotController/FPGA/Zynq_Robot_Controller_v2/Zynq_Robot_Controller.runs/ControllerBD_clk_wiz_0_0_synth_1/ControllerBD_clk_wiz_0_0.dcp' has been generated.
WARNING: [Common 17-576] 'use_project_ipc' is deprecated. This option is deprecated and no longer used.
INFO: [Coretcl 2-1648] Added synthesis output to IP cache for IP ControllerBD_clk_wiz_0_0, cache-ID = 10698f060f0ff3a5
Netlist sorting complete. Time (s): cpu = 00:00:00 ; elapsed = 00:00:00 . Memory (MB): peak = 1967.324 ; gain = 0.000 ; free physical = 8643 ; free virtual = 13121
WARNING: [Constraints 18-5210] No constraints selected for write.
Resolution: This message can indicate that there are no constraints for the design, or it can indicate that the used_in flags are set such that the constraints are ignored. This later case is used when running synth_design to not write synthesis constraints to the resulting checkpoint. Instead, project constraints are read when the synthesized design is opened.
INFO: [Common 17-1381] The checkpoint '/media/sf_Projects-shared/ZynqRobotController/FPGA/Zynq_Robot_Controller_v2/Zynq_Robot_Controller.runs/ControllerBD_clk_wiz_0_0_synth_1/ControllerBD_clk_wiz_0_0.dcp' has been generated.
INFO: [runtcl-4] Executing : report_utilization -file ControllerBD_clk_wiz_0_0_utilization_synth.rpt -pb ControllerBD_clk_wiz_0_0_utilization_synth.pb
INFO: [Common 17-206] Exiting Vivado at Thu Sep 19 12:56:36 2019...
